C51 COMPILER V9.01   MAIN                                                                  07/18/2022 17:10:50 PAGE 1   


C51 COMPILER V9.01, COMPILATION OF MODULE MAIN
OBJECT MODULE PLACED IN .\output\main.obj
COMPILER INVOKED BY: D:\Paths\Keil_v5\C51\BIN\C51.EXE main.c LARGE OPTIMIZE(8,SPEED) BROWSE INCDIR(.\ECBM_LIB;.\device) 
                    -DEBUG OBJECTEXTEND PRINT(.\output\main.lst) OBJECT(.\output\main.obj)

line level    source

   1          #include "ecbm_core.h"  //加载库函数的头文件。
   2                  
   3          void main(void){        //main函数，必须的。
   4   1              
   5   1              /*
   6   1                      P32设置为外部中断0
   7   1              */
   8   1              
   9   1              //系统初始化函数，也是必须的。
  10   1              system_init();  
  11   1              //打开看门狗
  12   1              wdt_start();
  13   1              //复位寄存器初始化函数
  14   1              power_rstcfg_init();
  15   1              //设置IO口工作模式函数
  16   1              gpio_mode(D33,GPIO_OUT);
  17   1              gpio_mode(D54,GPIO_OUT);
  18   1              //中断函数初始化
  19   1              exti_init();
  20   1              //中断模式设置函数
  21   1              exti_set_mode(0,EXTI_MODE_UP_DOWN);
  22   1              //打开中断函数
  23   1              exti_start(0);
  24   1              while(1){
  25   2                      //把D54口输出低电平，打开LED
  26   2                      gpio_out(D54,0);
  27   2                      //做完之后喂狗
  28   2                      wdt_feed();
  29   2          }
  30   1      }
  31          //触发中断请求
  32          void exti0_it_callback(){
  33   1              
  34   1              if(EXTI_MODE_UP_DOWN==0){
  35   2                      //把D54口输出高电平，关闭LED
  36   2                      gpio_out(D54,1);
  37   2                      LED=0;
  38   2                      delay_ms(500);
  39   2                      LED=1;
  40   2              }else{
  41   2                      LED=0;
  42   2                      delay_ms(500);
  43   2              }
  44   1      }


MODULE INFORMATION:   STATIC OVERLAYABLE
   CODE SIZE        =     68    ----
   CONSTANT SIZE    =   ----    ----
   XDATA SIZE       =   ----    ----
   PDATA SIZE       =   ----    ----
   DATA SIZE        =   ----    ----
   IDATA SIZE       =   ----    ----
   BIT SIZE         =   ----    ----
C51 COMPILER V9.01   MAIN                                                                  07/18/2022 17:10:50 PAGE 2   

END OF MODULE INFORMATION.


C51 COMPILATION COMPLETE.  0 WARNING(S),  0 ERROR(S)
