C51 COMPILER V9.01   EXTI                                                                  07/20/2022 08:46:56 PAGE 1   


C51 COMPILER V9.01, COMPILATION OF MODULE EXTI
OBJECT MODULE PLACED IN .\output\exti.obj
COMPILER INVOKED BY: D:\Paths\Keil_v5\C51\BIN\C51.EXE ECBM_LIB\exti.c LARGE OPTIMIZE(8,SPEED) BROWSE INCDIR(.\ECBM_LIB;.
                    -\device) DEBUG OBJECTEXTEND PRINT(.\output\exti.lst) OBJECT(.\output\exti.obj)

line level    source

   1          #include "ecbm_core.h"//统一加载核心头文件
   2          #if ECBM_EXTI_LIB_EN  //检查本库有没有被使能
   3          /*--------------------------------------程序定义-----------------------------------*/
   4          /*------------------------------------------------------
   5          外部中断初始化函数。
   6          -------------------------------------------------------*/
   7          void exti_init(void){
   8   1          #if ECBM_EXTI0_EN           //外部中断0，即P32口。可选择触发方式。
                      gpio_mode(D32,GPIO_IN); //设置P32为输入状态。
                      EXTI0_SET_IO_HIGH;      //置一，防止内部接地影响读取。       
                      #if ECBM_EXTI0_MODE == 0//通过配置信息判断。    
                          EXTI0_SET_MODE_UP_DOWN; //设置上升沿/下降沿中断。
                      #else
                          EXTI0_SET_MODE_DOWN;    //设置下降沿中断。
                      #endif
                      #if ECBM_EXTI0_INIT
                          EXTI0_ENABLE;           //打开外部中断0。
                      #endif
                  #endif
  20   1          
  21   1          #if ECBM_EXTI1_EN           //外部中断1，即P33口。可选择触发方式。  
                      gpio_mode(D33,GPIO_IN); //设置P33为输入状态。
                      EXTI1_SET_IO_HIGH;      //置一，防止内部接地影响读取。   
                      #if ECBM_EXTI1_MODE == 0//通过配置信息判断。    
                          EXTI1_SET_MODE_UP_DOWN; //设置上升沿/下降沿中断。
                      #else
                          EXTI1_SET_MODE_DOWN;    //设置下降沿中断。
                      #endif
                      #if ECBM_EXTI1_INIT
                          EXTI1_ENABLE;           //打开外部中断1。
                      #endif
                  #endif
  33   1          
  34   1          #if ECBM_EXTI2_EN           //外部中断2，即P36口。   
                      gpio_mode(D36,GPIO_IN); //设置P36为输入状态。
                      EXTI2_SET_IO_HIGH;      //置一，防止内部接地影响读取。
                      #if ECBM_EXTI2_INIT
                          EXTI2_ENABLE;       //打开外部中断2。
                      #endif
                  #endif
  41   1          
  42   1          #if ECBM_EXTI3_EN           //外部中断3，即P37口。  
                      gpio_mode(D37,GPIO_IN); //设置P37为输入状态。
                      EXTI3_SET_IO_HIGH;      //置一，防止内部接地影响读取。
                      #if ECBM_EXTI3_INIT
                          EXTI3_ENABLE;       //打开外部中断3。
                      #endif
                  #endif
  49   1          
  50   1          #if ECBM_EXTI4_EN           //外部中断4，即P30口。
                      gpio_mode(D30,GPIO_IN); //设置P30为输入状态。
                      EXTI4_SET_IO_HIGH;      //置一，防止内部接地影响读取。
                      #if ECBM_EXTI4_INIT
                          EXTI4_ENABLE;       //打开外部中断4
C51 COMPILER V9.01   EXTI                                                                  07/20/2022 08:46:56 PAGE 2   

                      #endif
                  #endif
  57   1      }
  58          /*------------------------------------------------------
  59          打开中断函数。
  60          -------------------------------------------------------*/
  61          void exti_start(u8 id){
  62   1          switch(id){//根据ID跳到对应分支。
  63   2              #if ECBM_EXTI0_EN
                      case 0:{EXTI0_ENABLE;}break;
                      #endif
  66   2              #if ECBM_EXTI1_EN
                      case 1:{EXTI1_ENABLE;}break;
                      #endif
  69   2              #if ECBM_EXTI2_EN
                      case 2:{EXTI2_ENABLE;}break;
                      #endif
  72   2              #if ECBM_EXTI3_EN
                      case 3:{EXTI3_ENABLE;}break;
                      #endif
  75   2              #if ECBM_EXTI4_EN
                      case 4:{EXTI4_ENABLE;}break;
                      #endif
  78   2              default:break;
  79   2          }    
  80   1      }
  81          /*------------------------------------------------------
  82          关闭中断函数。
  83          -------------------------------------------------------*/
  84          void exti_stop(u8 id){
  85   1          switch(id){//根据ID跳到对应分支。
  86   2              #if ECBM_EXTI0_EN
                      case 0:{EXTI0_DISABLE;}break;
                      #endif
  89   2              #if ECBM_EXTI1_EN
                      case 1:{EXTI1_DISABLE;}break;
                      #endif
  92   2              #if ECBM_EXTI2_EN
                      case 2:{EXTI2_DISABLE;}break;
                      #endif
  95   2              #if ECBM_EXTI3_EN
                      case 3:{EXTI3_DISABLE;}break;
                      #endif
  98   2              #if ECBM_EXTI4_EN
                      case 4:{EXTI4_DISABLE;}break;
                      #endif
 101   2              default:break;
 102   2          }    
 103   1      }
 104          /*------------------------------------------------------
 105          中断模式设置函数。
 106          -------------------------------------------------------*/
 107          void exti_set_mode(u8 id,u8 mode){
 108   1          mode=mode;
 109   1          switch(id){//根据ID跳到对应分支。
 110   2              default:break;
 111   2              #if ECBM_EXTI0_EN
                      case 0:{
                          if(mode){
                              EXTI0_SET_MODE_DOWN;
                          }else{
                              EXTI0_SET_MODE_UP_DOWN;
C51 COMPILER V9.01   EXTI                                                                  07/20/2022 08:46:56 PAGE 3   

                          }
                      }break;
                      #endif
 120   2              #if ECBM_EXTI1_EN
                      case 1:{
                          if(mode){
                              EXTI1_SET_MODE_DOWN;
                          }else{
                              EXTI1_SET_MODE_UP_DOWN;
                          }
                      }break;
                      #endif
 129   2          }    
 130   1      }
 131          #endif  //和最上面的#ifndef配合成一个程序段。
 132                  //以一个空行为结尾。


MODULE INFORMATION:   STATIC OVERLAYABLE
   CODE SIZE        =      4    ----
   CONSTANT SIZE    =   ----    ----
   XDATA SIZE       =   ----    ----
   PDATA SIZE       =   ----    ----
   DATA SIZE        =   ----    ----
   IDATA SIZE       =   ----    ----
   BIT SIZE         =   ----    ----
END OF MODULE INFORMATION.


C51 COMPILATION COMPLETE.  0 WARNING(S),  0 ERROR(S)
