C51 COMPILER V9.01   MAIN                                                                  07/20/2022 09:12:09 PAGE 1   


C51 COMPILER V9.01, COMPILATION OF MODULE MAIN
OBJECT MODULE PLACED IN .\output\main.obj
COMPILER INVOKED BY: D:\Paths\Keil_v5\C51\BIN\C51.EXE main.c LARGE OPTIMIZE(8,SPEED) BROWSE INCDIR(.\ECBM_LIB;.\device) 
                    -DEBUG OBJECTEXTEND PRINT(.\output\main.lst) OBJECT(.\output\main.obj)

line level    source

   1          #include "ecbm_core.h"  //加载库函数的头文件。
   2          float adc_value;
   3          void main(void){        //main函数，必须的。
   4   1          
   5   1              system_init();      //系统初始化函数，也是必须的。
   6   1              adc_init();
   7   1              adc_value=adc_read_vref();//读取Vref的电压值。
   8   1              while(1){
   9   2                      delay_ms(500);
  10   2                      uart_printf(1,"ADC=%f\r\n",adc_voltage(0,adc_value));
  11   2                      
  12   2                      
  13   2          }
  14   1      }


MODULE INFORMATION:   STATIC OVERLAYABLE
   CODE SIZE        =     66    ----
   CONSTANT SIZE    =      9    ----
   XDATA SIZE       =      4    ----
   PDATA SIZE       =   ----    ----
   DATA SIZE        =   ----    ----
   IDATA SIZE       =   ----    ----
   BIT SIZE         =   ----    ----
END OF MODULE INFORMATION.


C51 COMPILATION COMPLETE.  0 WARNING(S),  0 ERROR(S)
