C51 COMPILER V9.01   MAIN                                                                  07/16/2022 23:40:47 PAGE 1   


C51 COMPILER V9.01, COMPILATION OF MODULE MAIN
OBJECT MODULE PLACED IN .\output\main.obj
COMPILER INVOKED BY: D:\Paths\Keil_v5\C51\BIN\C51.EXE main.c LARGE OPTIMIZE(8,SPEED) BROWSE INCDIR(.\ECBM_LIB;.\device) 
                    -DEBUG OBJECTEXTEND PRINT(.\output\main.lst) OBJECT(.\output\main.obj)

line level    source

   1          #include "ecbm_core.h"  //加载库函数的头文件。
   2          u8 count=0;     
   3          void main(void){        //main函数，必须的。
   4   1          
   5   1               system_init();      //系统初始化函数，也是必须的。
   6   1                while(1){
   7   2          count++;//统计循环次数，也是为了演示uart_printf的功能。
   8   2                      
   9   2                      uart_printf(1,"Hello,ECBM is runing at %d times.\r\n",(u16)count);//向串口1发送字符串和count的值。
  10   2                      //打开串口助手，设置好COM口，115200，8位，无校验，一位停止位。即可查看。
  11   2                      //注意：所有在单片机上运行的printf函数，其占位符%d均无法支持u8型变量，请使用（u16）把变量强转成u16型才能
             -正常输出。
  12   2                      
  13   2                      delay_ms(1000);//发送频率不用太快，否则串口助手会因大量数据而卡死。
  14   2                      //当你不慎将串口发送数据间隔设置太小，导致单片机不能正常使用自动下载功能的时候。
  15   2                      //请使用冷启动来下载程序，即先断电--在STCISP上点击下载--再上电。
  16   2          }
  17   1      }


MODULE INFORMATION:   STATIC OVERLAYABLE
   CODE SIZE        =     39    ----
   CONSTANT SIZE    =     36    ----
   XDATA SIZE       =      1    ----
   PDATA SIZE       =   ----    ----
   DATA SIZE        =   ----    ----
   IDATA SIZE       =   ----    ----
   BIT SIZE         =   ----    ----
END OF MODULE INFORMATION.


C51 COMPILATION COMPLETE.  0 WARNING(S),  0 ERROR(S)
