C51 COMPILER V9.01   MAIN                                                                  07/17/2022 00:56:55 PAGE 1   


C51 COMPILER V9.01, COMPILATION OF MODULE MAIN
OBJECT MODULE PLACED IN .\output\main.obj
COMPILER INVOKED BY: D:\Paths\Keil_v5\C51\BIN\C51.EXE main.c LARGE OPTIMIZE(8,SPEED) BROWSE INCDIR(.\ECBM_LIB;.\device) 
                    -DEBUG OBJECTEXTEND PRINT(.\output\main.lst) OBJECT(.\output\main.obj)

line level    source

   1          #include "ecbm_core.h"  //加载库函数的头文件。
   2          
   3          void main(void){        //main函数，必须的。
   4   1          system_init();      //系统初始化函数，也是必须的。
   5   1              //设置IO口工作模式函数
   6   1              gpio_mode(D54,GPIO_OUT);
   7   1              //初始化定时器
   8   1              timer_init();
   9   1              //定时器设定定时模式函数。50000us 也就是50ms
  10   1              timer_set_timer_mode(0,50000);
  11   1              //打开定时器0
  12   1              timer_start(0);
  13   1          while(1){
  14   2                      delay_ms(5000);
  15   2          }
  16   1      }
  17          void timer0_it_callback(){
  18   1              LED=0;
  19   1      }


MODULE INFORMATION:   STATIC OVERLAYABLE
   CODE SIZE        =     39    ----
   CONSTANT SIZE    =   ----    ----
   XDATA SIZE       =   ----    ----
   PDATA SIZE       =   ----    ----
   DATA SIZE        =   ----    ----
   IDATA SIZE       =   ----    ----
   BIT SIZE         =   ----    ----
END OF MODULE INFORMATION.


C51 COMPILATION COMPLETE.  0 WARNING(S),  0 ERROR(S)
