C51 COMPILER V9.01   POWER                                                                 07/17/2022 00:55:32 PAGE 1   


C51 COMPILER V9.01, COMPILATION OF MODULE POWER
OBJECT MODULE PLACED IN .\output\power.obj
COMPILER INVOKED BY: D:\Paths\Keil_v5\C51\BIN\C51.EXE ECBM_LIB\power.c LARGE OPTIMIZE(8,SPEED) BROWSE INCDIR(.\ECBM_LIB;
                    -.\device) DEBUG OBJECTEXTEND PRINT(.\output\power.lst) OBJECT(.\output\power.obj)

line level    source

   1          #include "ecbm_core.h"//统一加载核心头文件
   2          #if ECBM_POWER_LIB_EN //检查本库有没有被使能
   3          /*--------------------------------------程序定义-----------------------------------*/
   4          /*程序区折叠专用*************************复位模块******************/#if ECBM_POWER_RESET_EN
              /*-------------------------------------------------------
              复位函数，复位之后从main函数开始运行。
              -------------------------------------------------------*/
              void power_reset_code(void){
                  _nop_();
                  MCU_RESET;
                  _nop_();
                  _nop_();
              }
              /*-------------------------------------------------------
              复位函数，复位之后从系统BootLoader开始运行。
              -------------------------------------------------------*/
              void power_reset_isp(void){
                  _nop_();
                  POWER_RESET;
                  _nop_();
                  _nop_();
              }
              /*程序区折叠专用***************************************************************/#endif
  24          /*程序区折叠专用*************************电源模块***********/#if ECBM_POWER_CONTROL_EN
              /*-------------------------------------------------------
              掉电函数。
              -------------------------------------------------------*/
              void power_powerdown(void){
                  #if (ECBM_POWER_WKTC_CONFIG&0x8000)    //如果开了唤醒定时器使能。
                      WKT_SET_REG_COUNT(ECBM_POWER_WKTC_CONFIG);//就给唤醒定时器赋值。
                  #endif
                  _nop_();
                  POWER_DOWN;
                  _nop_();
                  _nop_();
              }
              /*-------------------------------------------------------
              CPU空闲函数。
              -------------------------------------------------------*/
              void power_cpu_idle(void){
                  _nop_();
                  POWER_IDLE;
                  _nop_();
                  _nop_();
              }
              /*程序区折叠专用**************************************************************/#endif
  47          /*程序区折叠专用************************看门狗模块******************/#if ECBM_POWER_WDOG_EN
              /*----------------------------
              看门狗开启函数
              -----------------------------*/
              void wdt_start(void){
                  WDT_SET_REG_CONTR(ECBM_POWER_WDT_MODE|EN_WDT);
              }
              /*----------------------------
C51 COMPILER V9.01   POWER                                                                 07/17/2022 00:55:32 PAGE 2   

              喂狗函数
              -----------------------------*/
              void wdt_feed(void){
                  WDT_CLR;
              }
              /*程序区折叠专用**************************************************************/#endif
  61          /*程序区折叠专用**********************复位配置模块***************/#if ECBM_POWER_RST_CFG_EN
              /*-------------------------------------------------------
              复位寄存器初始化函数。
              -------------------------------------------------------*/
              void power_rstcfg_init(void){
                  SYS_SET_REG_RSTCFG(ECBM_POWER_RST_CFG_MODE);
              }
              /*程序区折叠专用**************************************************************/#endif
  69          #endif  //和最上面的#ifndef配合成一个程序段。
  70                  //以一个空行为结尾。


MODULE INFORMATION:   STATIC OVERLAYABLE
   CODE SIZE        =   ----    ----
   CONSTANT SIZE    =   ----    ----
   XDATA SIZE       =   ----    ----
   PDATA SIZE       =   ----    ----
   DATA SIZE        =   ----    ----
   IDATA SIZE       =   ----    ----
   BIT SIZE         =   ----    ----
END OF MODULE INFORMATION.


C51 COMPILATION COMPLETE.  0 WARNING(S),  0 ERROR(S)
